<?xml version="1.0" encoding="UTF-8"?>
<testsuite xmlns:xsi="http://www.w3.org/2001/XMLSchema-instance" xsi:noNamespaceSchemaLocation="https://maven.apache.org/surefire/maven-surefire-plugin/xsd/surefire-test-report.xsd" name="br.com.simioni.graphql.listener.ListenerApplicationTests" time="4.207" tests="1" errors="0" skipped="0" failures="0">
  <properties>
    <property name="sun.desktop" value="gnome"/>
    <property name="awt.toolkit" value="sun.awt.X11.XToolkit"/>
    <property name="java.specification.version" value="11"/>
    <property name="sun.cpu.isalist" value=""/>
    <property name="sun.jnu.encoding" value="UTF-8"/>
    <property name="java.class.path" value="/home/lsimioni/Documents/pessoal/courses/graphql-pub-sub/listener/target/test-classes:/home/lsimioni/Documents/pessoal/courses/graphql-pub-sub/listener/target/classes:/home/lsimioni/.m2/repository/org/springframework/boot/spring-boot-starter-data-mongodb/2.7.14-SNAPSHOT/spring-boot-starter-data-mongodb-2.7.14-SNAPSHOT.jar:/home/lsimioni/.m2/repository/org/springframework/boot/spring-boot-starter/2.7.14-SNAPSHOT/spring-boot-starter-2.7.14-SNAPSHOT.jar:/home/lsimioni/.m2/repository/org/springframework/boot/spring-boot-starter-logging/2.7.14-SNAPSHOT/spring-boot-starter-logging-2.7.14-SNAPSHOT.jar:/home/lsimioni/.m2/repository/ch/qos/logback/logback-classic/1.2.12/logback-classic-1.2.12.jar:/home/lsimioni/.m2/repository/ch/qos/logback/logback-core/1.2.12/logback-core-1.2.12.jar:/home/lsimioni/.m2/repository/org/apache/logging/log4j/log4j-to-slf4j/2.17.2/log4j-to-slf4j-2.17.2.jar:/home/lsimioni/.m2/repository/org/apache/logging/log4j/log4j-api/2.17.2/log4j-api-2.17.2.jar:/home/lsimioni/.m2/repository/org/slf4j/jul-to-slf4j/1.7.36/jul-to-slf4j-1.7.36.jar:/home/lsimioni/.m2/repository/jakarta/annotation/jakarta.annotation-api/1.3.5/jakarta.annotation-api-1.3.5.jar:/home/lsimioni/.m2/repository/org/yaml/snakeyaml/1.30/snakeyaml-1.30.jar:/home/lsimioni/.m2/repository/org/mongodb/mongodb-driver-sync/4.6.1/mongodb-driver-sync-4.6.1.jar:/home/lsimioni/.m2/repository/org/mongodb/bson/4.6.1/bson-4.6.1.jar:/home/lsimioni/.m2/repository/org/mongodb/mongodb-driver-core/4.6.1/mongodb-driver-core-4.6.1.jar:/home/lsimioni/.m2/repository/org/mongodb/bson-record-codec/4.6.1/bson-record-codec-4.6.1.jar:/home/lsimioni/.m2/repository/org/springframework/data/spring-data-mongodb/3.4.14-SNAPSHOT/spring-data-mongodb-3.4.14-SNAPSHOT.jar:/home/lsimioni/.m2/repository/org/springframework/spring-beans/5.3.29-SNAPSHOT/spring-beans-5.3.29-SNAPSHOT.jar:/home/lsimioni/.m2/repository/org/springframework/spring-expression/5.3.29-SNAPSHOT/spring-expression-5.3.29-SNAPSHOT.jar:/home/lsimioni/.m2/repository/org/springframework/data/spring-data-commons/2.7.14-SNAPSHOT/spring-data-commons-2.7.14-SNAPSHOT.jar:/home/lsimioni/.m2/repository/org/springframework/boot/spring-boot-starter-web/2.7.14-SNAPSHOT/spring-boot-starter-web-2.7.14-SNAPSHOT.jar:/home/lsimioni/.m2/repository/org/springframework/boot/spring-boot-starter-json/2.7.14-SNAPSHOT/spring-boot-starter-json-2.7.14-SNAPSHOT.jar:/home/lsimioni/.m2/repository/com/fasterxml/jackson/core/jackson-databind/2.13.5/jackson-databind-2.13.5.jar:/home/lsimioni/.m2/repository/com/fasterxml/jackson/core/jackson-annotations/2.13.5/jackson-annotations-2.13.5.jar:/home/lsimioni/.m2/repository/com/fasterxml/jackson/core/jackson-core/2.13.5/jackson-core-2.13.5.jar:/home/lsimioni/.m2/repository/com/fasterxml/jackson/datatype/jackson-datatype-jdk8/2.13.5/jackson-datatype-jdk8-2.13.5.jar:/home/lsimioni/.m2/repository/com/fasterxml/jackson/datatype/jackson-datatype-jsr310/2.13.5/jackson-datatype-jsr310-2.13.5.jar:/home/lsimioni/.m2/repository/com/fasterxml/jackson/module/jackson-module-parameter-names/2.13.5/jackson-module-parameter-names-2.13.5.jar:/home/lsimioni/.m2/repository/org/springframework/boot/spring-boot-starter-tomcat/2.7.14-SNAPSHOT/spring-boot-starter-tomcat-2.7.14-SNAPSHOT.jar:/home/lsimioni/.m2/repository/org/apache/tomcat/embed/tomcat-embed-core/9.0.78/tomcat-embed-core-9.0.78.jar:/home/lsimioni/.m2/repository/org/apache/tomcat/embed/tomcat-embed-el/9.0.78/tomcat-embed-el-9.0.78.jar:/home/lsimioni/.m2/repository/org/apache/tomcat/embed/tomcat-embed-websocket/9.0.78/tomcat-embed-websocket-9.0.78.jar:/home/lsimioni/.m2/repository/org/springframework/spring-web/5.3.29-SNAPSHOT/spring-web-5.3.29-SNAPSHOT.jar:/home/lsimioni/.m2/repository/org/springframework/spring-webmvc/5.3.29-SNAPSHOT/spring-webmvc-5.3.29-SNAPSHOT.jar:/home/lsimioni/.m2/repository/com/google/cloud/spring-cloud-gcp-starter-pubsub/3.5.4/spring-cloud-gcp-starter-pubsub-3.5.4.jar:/home/lsimioni/.m2/repository/com/google/cloud/spring-cloud-gcp-starter/3.5.4/spring-cloud-gcp-starter-3.5.4.jar:/home/lsimioni/.m2/repository/com/google/cloud/spring-cloud-gcp-core/3.5.4/spring-cloud-gcp-core-3.5.4.jar:/home/lsimioni/.m2/repository/com/google/cloud/google-cloud-core/2.20.0/google-cloud-core-2.20.0.jar:/home/lsimioni/.m2/repository/com/google/cloud/spring-cloud-gcp-autoconfigure/3.5.4/spring-cloud-gcp-autoconfigure-3.5.4.jar:/home/lsimioni/.m2/repository/org/apache/commons/commons-lang3/3.12.0/commons-lang3-3.12.0.jar:/home/lsimioni/.m2/repository/com/google/cloud/spring-cloud-gcp-pubsub/3.5.4/spring-cloud-gcp-pubsub-3.5.4.jar:/home/lsimioni/.m2/repository/com/google/cloud/google-cloud-pubsub/1.123.17/google-cloud-pubsub-1.123.17.jar:/home/lsimioni/.m2/repository/io/grpc/grpc-api/1.55.1/grpc-api-1.55.1.jar:/home/lsimioni/.m2/repository/io/grpc/grpc-context/1.55.1/grpc-context-1.55.1.jar:/home/lsimioni/.m2/repository/io/grpc/grpc-stub/1.55.1/grpc-stub-1.55.1.jar:/home/lsimioni/.m2/repository/io/grpc/grpc-protobuf/1.55.1/grpc-protobuf-1.55.1.jar:/home/lsimioni/.m2/repository/io/grpc/grpc-protobuf-lite/1.55.1/grpc-protobuf-lite-1.55.1.jar:/home/lsimioni/.m2/repository/com/google/api/api-common/2.13.0/api-common-2.13.0.jar:/home/lsimioni/.m2/repository/javax/annotation/javax.annotation-api/1.3.2/javax.annotation-api-1.3.2.jar:/home/lsimioni/.m2/repository/com/google/protobuf/protobuf-java/3.23.2/protobuf-java-3.23.2.jar:/home/lsimioni/.m2/repository/com/google/api/grpc/proto-google-common-protos/2.21.0/proto-google-common-protos-2.21.0.jar:/home/lsimioni/.m2/repository/com/google/auth/google-auth-library-oauth2-http/1.18.0/google-auth-library-oauth2-http-1.18.0.jar:/home/lsimioni/.m2/repository/com/google/auth/google-auth-library-credentials/1.18.0/google-auth-library-credentials-1.18.0.jar:/home/lsimioni/.m2/repository/com/google/http-client/google-http-client-gson/1.43.3/google-http-client-gson-1.43.3.jar:/home/lsimioni/.m2/repository/com/google/api/grpc/proto-google-cloud-pubsub-v1/1.105.17/proto-google-cloud-pubsub-v1-1.105.17.jar:/home/lsimioni/.m2/repository/com/google/api/grpc/proto-google-iam-v1/1.16.0/proto-google-iam-v1-1.16.0.jar:/home/lsimioni/.m2/repository/com/google/guava/guava/31.1-jre/guava-31.1-jre.jar:/home/lsimioni/.m2/repository/com/google/guava/failureaccess/1.0.1/failureaccess-1.0.1.jar:/home/lsimioni/.m2/repository/com/google/guava/listenablefuture/9999.0-empty-to-avoid-conflict-with-guava/listenablefuture-9999.0-empty-to-avoid-conflict-with-guava.jar:/home/lsimioni/.m2/repository/org/checkerframework/checker-qual/3.33.0/checker-qual-3.33.0.jar:/home/lsimioni/.m2/repository/com/google/j2objc/j2objc-annotations/2.8/j2objc-annotations-2.8.jar:/home/lsimioni/.m2/repository/com/google/api/gax/2.30.0/gax-2.30.0.jar:/home/lsimioni/.m2/repository/com/google/api/gax-grpc/2.30.0/gax-grpc-2.30.0.jar:/home/lsimioni/.m2/repository/io/grpc/grpc-alts/1.55.1/grpc-alts-1.55.1.jar:/home/lsimioni/.m2/repository/io/grpc/grpc-grpclb/1.55.1/grpc-grpclb-1.55.1.jar:/home/lsimioni/.m2/repository/org/conscrypt/conscrypt-openjdk-uber/2.5.2/conscrypt-openjdk-uber-2.5.2.jar:/home/lsimioni/.m2/repository/io/grpc/grpc-auth/1.55.1/grpc-auth-1.55.1.jar:/home/lsimioni/.m2/repository/io/grpc/grpc-netty-shaded/1.55.1/grpc-netty-shaded-1.55.1.jar:/home/lsimioni/.m2/repository/io/grpc/grpc-googleapis/1.55.1/grpc-googleapis-1.55.1.jar:/home/lsimioni/.m2/repository/io/grpc/grpc-xds/1.55.1/grpc-xds-1.55.1.jar:/home/lsimioni/.m2/repository/io/opencensus/opencensus-proto/0.2.0/opencensus-proto-0.2.0.jar:/home/lsimioni/.m2/repository/io/grpc/grpc-services/1.55.1/grpc-services-1.55.1.jar:/home/lsimioni/.m2/repository/com/google/re2j/re2j/1.6/re2j-1.6.jar:/home/lsimioni/.m2/repository/com/google/api/gax-httpjson/2.30.0/gax-httpjson-2.30.0.jar:/home/lsimioni/.m2/repository/com/google/code/gson/gson/2.9.1/gson-2.9.1.jar:/home/lsimioni/.m2/repository/com/google/protobuf/protobuf-java-util/3.23.2/protobuf-java-util-3.23.2.jar:/home/lsimioni/.m2/repository/org/threeten/threetenbp/1.6.8/threetenbp-1.6.8.jar:/home/lsimioni/.m2/repository/com/google/code/findbugs/jsr305/3.0.2/jsr305-3.0.2.jar:/home/lsimioni/.m2/repository/io/opencensus/opencensus-api/0.31.1/opencensus-api-0.31.1.jar:/home/lsimioni/.m2/repository/io/grpc/grpc-core/1.55.1/grpc-core-1.55.1.jar:/home/lsimioni/.m2/repository/com/google/android/annotations/4.1.1.4/annotations-4.1.1.4.jar:/home/lsimioni/.m2/repository/org/codehaus/mojo/animal-sniffer-annotations/1.23/animal-sniffer-annotations-1.23.jar:/home/lsimioni/.m2/repository/io/perfmark/perfmark-api/0.26.0/perfmark-api-0.26.0.jar:/home/lsimioni/.m2/repository/com/google/errorprone/error_prone_annotations/2.18.0/error_prone_annotations-2.18.0.jar:/home/lsimioni/.m2/repository/com/google/auto/value/auto-value-annotations/1.10.1/auto-value-annotations-1.10.1.jar:/home/lsimioni/.m2/repository/com/google/http-client/google-http-client/1.43.3/google-http-client-1.43.3.jar:/home/lsimioni/.m2/repository/org/apache/httpcomponents/httpclient/4.5.14/httpclient-4.5.14.jar:/home/lsimioni/.m2/repository/commons-logging/commons-logging/1.2/commons-logging-1.2.jar:/home/lsimioni/.m2/repository/commons-codec/commons-codec/1.15/commons-codec-1.15.jar:/home/lsimioni/.m2/repository/org/apache/httpcomponents/httpcore/4.4.16/httpcore-4.4.16.jar:/home/lsimioni/.m2/repository/io/opencensus/opencensus-contrib-http-util/0.31.1/opencensus-contrib-http-util-0.31.1.jar:/home/lsimioni/.m2/repository/org/slf4j/slf4j-api/1.7.36/slf4j-api-1.7.36.jar:/home/lsimioni/.m2/repository/org/springframework/integration/spring-integration-core/5.5.18/spring-integration-core-5.5.18.jar:/home/lsimioni/.m2/repository/org/springframework/spring-aop/5.3.29-SNAPSHOT/spring-aop-5.3.29-SNAPSHOT.jar:/home/lsimioni/.m2/repository/org/springframework/spring-context/5.3.29-SNAPSHOT/spring-context-5.3.29-SNAPSHOT.jar:/home/lsimioni/.m2/repository/org/springframework/spring-messaging/5.3.29-SNAPSHOT/spring-messaging-5.3.29-SNAPSHOT.jar:/home/lsimioni/.m2/repository/org/springframework/spring-tx/5.3.29-SNAPSHOT/spring-tx-5.3.29-SNAPSHOT.jar:/home/lsimioni/.m2/repository/org/springframework/retry/spring-retry/1.3.4/spring-retry-1.3.4.jar:/home/lsimioni/.m2/repository/io/projectreactor/reactor-core/3.4.31/reactor-core-3.4.31.jar:/home/lsimioni/.m2/repository/org/reactivestreams/reactive-streams/1.0.4/reactive-streams-1.0.4.jar:/home/lsimioni/.m2/repository/org/springframework/boot/spring-boot-devtools/2.7.14-SNAPSHOT/spring-boot-devtools-2.7.14-SNAPSHOT.jar:/home/lsimioni/.m2/repository/org/springframework/boot/spring-boot/2.7.14-SNAPSHOT/spring-boot-2.7.14-SNAPSHOT.jar:/home/lsimioni/.m2/repository/org/springframework/boot/spring-boot-autoconfigure/2.7.14-SNAPSHOT/spring-boot-autoconfigure-2.7.14-SNAPSHOT.jar:/home/lsimioni/.m2/repository/org/projectlombok/lombok/1.18.28/lombok-1.18.28.jar:/home/lsimioni/.m2/repository/org/springframework/boot/spring-boot-starter-test/2.7.14-SNAPSHOT/spring-boot-starter-test-2.7.14-SNAPSHOT.jar:/home/lsimioni/.m2/repository/org/springframework/boot/spring-boot-test/2.7.14-SNAPSHOT/spring-boot-test-2.7.14-SNAPSHOT.jar:/home/lsimioni/.m2/repository/org/springframework/boot/spring-boot-test-autoconfigure/2.7.14-SNAPSHOT/spring-boot-test-autoconfigure-2.7.14-SNAPSHOT.jar:/home/lsimioni/.m2/repository/com/jayway/jsonpath/json-path/2.7.0/json-path-2.7.0.jar:/home/lsimioni/.m2/repository/net/minidev/json-smart/2.4.11/json-smart-2.4.11.jar:/home/lsimioni/.m2/repository/net/minidev/accessors-smart/2.4.11/accessors-smart-2.4.11.jar:/home/lsimioni/.m2/repository/org/ow2/asm/asm/9.3/asm-9.3.jar:/home/lsimioni/.m2/repository/jakarta/xml/bind/jakarta.xml.bind-api/2.3.3/jakarta.xml.bind-api-2.3.3.jar:/home/lsimioni/.m2/repository/jakarta/activation/jakarta.activation-api/1.2.2/jakarta.activation-api-1.2.2.jar:/home/lsimioni/.m2/repository/org/assertj/assertj-core/3.22.0/assertj-core-3.22.0.jar:/home/lsimioni/.m2/repository/org/hamcrest/hamcrest/2.2/hamcrest-2.2.jar:/home/lsimioni/.m2/repository/org/junit/jupiter/junit-jupiter/5.8.2/junit-jupiter-5.8.2.jar:/home/lsimioni/.m2/repository/org/junit/jupiter/junit-jupiter-api/5.8.2/junit-jupiter-api-5.8.2.jar:/home/lsimioni/.m2/repository/org/opentest4j/opentest4j/1.2.0/opentest4j-1.2.0.jar:/home/lsimioni/.m2/repository/org/junit/platform/junit-platform-commons/1.8.2/junit-platform-commons-1.8.2.jar:/home/lsimioni/.m2/repository/org/apiguardian/apiguardian-api/1.1.2/apiguardian-api-1.1.2.jar:/home/lsimioni/.m2/repository/org/junit/jupiter/junit-jupiter-params/5.8.2/junit-jupiter-params-5.8.2.jar:/home/lsimioni/.m2/repository/org/junit/jupiter/junit-jupiter-engine/5.8.2/junit-jupiter-engine-5.8.2.jar:/home/lsimioni/.m2/repository/org/junit/platform/junit-platform-engine/1.8.2/junit-platform-engine-1.8.2.jar:/home/lsimioni/.m2/repository/org/mockito/mockito-core/4.5.1/mockito-core-4.5.1.jar:/home/lsimioni/.m2/repository/net/bytebuddy/byte-buddy/1.12.23/byte-buddy-1.12.23.jar:/home/lsimioni/.m2/repository/net/bytebuddy/byte-buddy-agent/1.12.23/byte-buddy-agent-1.12.23.jar:/home/lsimioni/.m2/repository/org/objenesis/objenesis/3.2/objenesis-3.2.jar:/home/lsimioni/.m2/repository/org/mockito/mockito-junit-jupiter/4.5.1/mockito-junit-jupiter-4.5.1.jar:/home/lsimioni/.m2/repository/org/skyscreamer/jsonassert/1.5.1/jsonassert-1.5.1.jar:/home/lsimioni/.m2/repository/com/vaadin/external/google/android-json/0.0.20131108.vaadin1/android-json-0.0.20131108.vaadin1.jar:/home/lsimioni/.m2/repository/org/springframework/spring-core/5.3.29-SNAPSHOT/spring-core-5.3.29-SNAPSHOT.jar:/home/lsimioni/.m2/repository/org/springframework/spring-jcl/5.3.29-SNAPSHOT/spring-jcl-5.3.29-SNAPSHOT.jar:/home/lsimioni/.m2/repository/org/springframework/spring-test/5.3.29-SNAPSHOT/spring-test-5.3.29-SNAPSHOT.jar:/home/lsimioni/.m2/repository/org/xmlunit/xmlunit-core/2.9.1/xmlunit-core-2.9.1.jar:"/>
    <property name="java.vm.vendor" value="Ubuntu"/>
    <property name="sun.arch.data.model" value="64"/>
    <property name="java.vendor.url" value="https://ubuntu.com/"/>
    <property name="user.timezone" value=""/>
    <property name="java.vm.specification.version" value="11"/>
    <property name="os.name" value="Linux"/>
    <property name="sun.java.launcher" value="SUN_STANDARD"/>
    <property name="user.country" value="US"/>
    <property name="sun.boot.library.path" value="/usr/lib/jvm/java-11-openjdk-amd64/lib"/>
    <property name="sun.java.command" value="/home/lsimioni/Documents/pessoal/courses/graphql-pub-sub/listener/target/surefire/surefirebooter7312390037878138750.jar /home/lsimioni/Documents/pessoal/courses/graphql-pub-sub/listener/target/surefire 2023-07-12T20-43-41_180-jvmRun1 surefire10613695784455192485tmp surefire_013847420754373505356tmp"/>
    <property name="jdk.debug" value="release"/>
    <property name="surefire.test.class.path" value="/home/lsimioni/Documents/pessoal/courses/graphql-pub-sub/listener/target/test-classes:/home/lsimioni/Documents/pessoal/courses/graphql-pub-sub/listener/target/classes:/home/lsimioni/.m2/repository/org/springframework/boot/spring-boot-starter-data-mongodb/2.7.14-SNAPSHOT/spring-boot-starter-data-mongodb-2.7.14-SNAPSHOT.jar:/home/lsimioni/.m2/repository/org/springframework/boot/spring-boot-starter/2.7.14-SNAPSHOT/spring-boot-starter-2.7.14-SNAPSHOT.jar:/home/lsimioni/.m2/repository/org/springframework/boot/spring-boot-starter-logging/2.7.14-SNAPSHOT/spring-boot-starter-logging-2.7.14-SNAPSHOT.jar:/home/lsimioni/.m2/repository/ch/qos/logback/logback-classic/1.2.12/logback-classic-1.2.12.jar:/home/lsimioni/.m2/repository/ch/qos/logback/logback-core/1.2.12/logback-core-1.2.12.jar:/home/lsimioni/.m2/repository/org/apache/logging/log4j/log4j-to-slf4j/2.17.2/log4j-to-slf4j-2.17.2.jar:/home/lsimioni/.m2/repository/org/apache/logging/log4j/log4j-api/2.17.2/log4j-api-2.17.2.jar:/home/lsimioni/.m2/repository/org/slf4j/jul-to-slf4j/1.7.36/jul-to-slf4j-1.7.36.jar:/home/lsimioni/.m2/repository/jakarta/annotation/jakarta.annotation-api/1.3.5/jakarta.annotation-api-1.3.5.jar:/home/lsimioni/.m2/repository/org/yaml/snakeyaml/1.30/snakeyaml-1.30.jar:/home/lsimioni/.m2/repository/org/mongodb/mongodb-driver-sync/4.6.1/mongodb-driver-sync-4.6.1.jar:/home/lsimioni/.m2/repository/org/mongodb/bson/4.6.1/bson-4.6.1.jar:/home/lsimioni/.m2/repository/org/mongodb/mongodb-driver-core/4.6.1/mongodb-driver-core-4.6.1.jar:/home/lsimioni/.m2/repository/org/mongodb/bson-record-codec/4.6.1/bson-record-codec-4.6.1.jar:/home/lsimioni/.m2/repository/org/springframework/data/spring-data-mongodb/3.4.14-SNAPSHOT/spring-data-mongodb-3.4.14-SNAPSHOT.jar:/home/lsimioni/.m2/repository/org/springframework/spring-beans/5.3.29-SNAPSHOT/spring-beans-5.3.29-SNAPSHOT.jar:/home/lsimioni/.m2/repository/org/springframework/spring-expression/5.3.29-SNAPSHOT/spring-expression-5.3.29-SNAPSHOT.jar:/home/lsimioni/.m2/repository/org/springframework/data/spring-data-commons/2.7.14-SNAPSHOT/spring-data-commons-2.7.14-SNAPSHOT.jar:/home/lsimioni/.m2/repository/org/springframework/boot/spring-boot-starter-web/2.7.14-SNAPSHOT/spring-boot-starter-web-2.7.14-SNAPSHOT.jar:/home/lsimioni/.m2/repository/org/springframework/boot/spring-boot-starter-json/2.7.14-SNAPSHOT/spring-boot-starter-json-2.7.14-SNAPSHOT.jar:/home/lsimioni/.m2/repository/com/fasterxml/jackson/core/jackson-databind/2.13.5/jackson-databind-2.13.5.jar:/home/lsimioni/.m2/repository/com/fasterxml/jackson/core/jackson-annotations/2.13.5/jackson-annotations-2.13.5.jar:/home/lsimioni/.m2/repository/com/fasterxml/jackson/core/jackson-core/2.13.5/jackson-core-2.13.5.jar:/home/lsimioni/.m2/repository/com/fasterxml/jackson/datatype/jackson-datatype-jdk8/2.13.5/jackson-datatype-jdk8-2.13.5.jar:/home/lsimioni/.m2/repository/com/fasterxml/jackson/datatype/jackson-datatype-jsr310/2.13.5/jackson-datatype-jsr310-2.13.5.jar:/home/lsimioni/.m2/repository/com/fasterxml/jackson/module/jackson-module-parameter-names/2.13.5/jackson-module-parameter-names-2.13.5.jar:/home/lsimioni/.m2/repository/org/springframework/boot/spring-boot-starter-tomcat/2.7.14-SNAPSHOT/spring-boot-starter-tomcat-2.7.14-SNAPSHOT.jar:/home/lsimioni/.m2/repository/org/apache/tomcat/embed/tomcat-embed-core/9.0.78/tomcat-embed-core-9.0.78.jar:/home/lsimioni/.m2/repository/org/apache/tomcat/embed/tomcat-embed-el/9.0.78/tomcat-embed-el-9.0.78.jar:/home/lsimioni/.m2/repository/org/apache/tomcat/embed/tomcat-embed-websocket/9.0.78/tomcat-embed-websocket-9.0.78.jar:/home/lsimioni/.m2/repository/org/springframework/spring-web/5.3.29-SNAPSHOT/spring-web-5.3.29-SNAPSHOT.jar:/home/lsimioni/.m2/repository/org/springframework/spring-webmvc/5.3.29-SNAPSHOT/spring-webmvc-5.3.29-SNAPSHOT.jar:/home/lsimioni/.m2/repository/com/google/cloud/spring-cloud-gcp-starter-pubsub/3.5.4/spring-cloud-gcp-starter-pubsub-3.5.4.jar:/home/lsimioni/.m2/repository/com/google/cloud/spring-cloud-gcp-starter/3.5.4/spring-cloud-gcp-starter-3.5.4.jar:/home/lsimioni/.m2/repository/com/google/cloud/spring-cloud-gcp-core/3.5.4/spring-cloud-gcp-core-3.5.4.jar:/home/lsimioni/.m2/repository/com/google/cloud/google-cloud-core/2.20.0/google-cloud-core-2.20.0.jar:/home/lsimioni/.m2/repository/com/google/cloud/spring-cloud-gcp-autoconfigure/3.5.4/spring-cloud-gcp-autoconfigure-3.5.4.jar:/home/lsimioni/.m2/repository/org/apache/commons/commons-lang3/3.12.0/commons-lang3-3.12.0.jar:/home/lsimioni/.m2/repository/com/google/cloud/spring-cloud-gcp-pubsub/3.5.4/spring-cloud-gcp-pubsub-3.5.4.jar:/home/lsimioni/.m2/repository/com/google/cloud/google-cloud-pubsub/1.123.17/google-cloud-pubsub-1.123.17.jar:/home/lsimioni/.m2/repository/io/grpc/grpc-api/1.55.1/grpc-api-1.55.1.jar:/home/lsimioni/.m2/repository/io/grpc/grpc-context/1.55.1/grpc-context-1.55.1.jar:/home/lsimioni/.m2/repository/io/grpc/grpc-stub/1.55.1/grpc-stub-1.55.1.jar:/home/lsimioni/.m2/repository/io/grpc/grpc-protobuf/1.55.1/grpc-protobuf-1.55.1.jar:/home/lsimioni/.m2/repository/io/grpc/grpc-protobuf-lite/1.55.1/grpc-protobuf-lite-1.55.1.jar:/home/lsimioni/.m2/repository/com/google/api/api-common/2.13.0/api-common-2.13.0.jar:/home/lsimioni/.m2/repository/javax/annotation/javax.annotation-api/1.3.2/javax.annotation-api-1.3.2.jar:/home/lsimioni/.m2/repository/com/google/protobuf/protobuf-java/3.23.2/protobuf-java-3.23.2.jar:/home/lsimioni/.m2/repository/com/google/api/grpc/proto-google-common-protos/2.21.0/proto-google-common-protos-2.21.0.jar:/home/lsimioni/.m2/repository/com/google/auth/google-auth-library-oauth2-http/1.18.0/google-auth-library-oauth2-http-1.18.0.jar:/home/lsimioni/.m2/repository/com/google/auth/google-auth-library-credentials/1.18.0/google-auth-library-credentials-1.18.0.jar:/home/lsimioni/.m2/repository/com/google/http-client/google-http-client-gson/1.43.3/google-http-client-gson-1.43.3.jar:/home/lsimioni/.m2/repository/com/google/api/grpc/proto-google-cloud-pubsub-v1/1.105.17/proto-google-cloud-pubsub-v1-1.105.17.jar:/home/lsimioni/.m2/repository/com/google/api/grpc/proto-google-iam-v1/1.16.0/proto-google-iam-v1-1.16.0.jar:/home/lsimioni/.m2/repository/com/google/guava/guava/31.1-jre/guava-31.1-jre.jar:/home/lsimioni/.m2/repository/com/google/guava/failureaccess/1.0.1/failureaccess-1.0.1.jar:/home/lsimioni/.m2/repository/com/google/guava/listenablefuture/9999.0-empty-to-avoid-conflict-with-guava/listenablefuture-9999.0-empty-to-avoid-conflict-with-guava.jar:/home/lsimioni/.m2/repository/org/checkerframework/checker-qual/3.33.0/checker-qual-3.33.0.jar:/home/lsimioni/.m2/repository/com/google/j2objc/j2objc-annotations/2.8/j2objc-annotations-2.8.jar:/home/lsimioni/.m2/repository/com/google/api/gax/2.30.0/gax-2.30.0.jar:/home/lsimioni/.m2/repository/com/google/api/gax-grpc/2.30.0/gax-grpc-2.30.0.jar:/home/lsimioni/.m2/repository/io/grpc/grpc-alts/1.55.1/grpc-alts-1.55.1.jar:/home/lsimioni/.m2/repository/io/grpc/grpc-grpclb/1.55.1/grpc-grpclb-1.55.1.jar:/home/lsimioni/.m2/repository/org/conscrypt/conscrypt-openjdk-uber/2.5.2/conscrypt-openjdk-uber-2.5.2.jar:/home/lsimioni/.m2/repository/io/grpc/grpc-auth/1.55.1/grpc-auth-1.55.1.jar:/home/lsimioni/.m2/repository/io/grpc/grpc-netty-shaded/1.55.1/grpc-netty-shaded-1.55.1.jar:/home/lsimioni/.m2/repository/io/grpc/grpc-googleapis/1.55.1/grpc-googleapis-1.55.1.jar:/home/lsimioni/.m2/repository/io/grpc/grpc-xds/1.55.1/grpc-xds-1.55.1.jar:/home/lsimioni/.m2/repository/io/opencensus/opencensus-proto/0.2.0/opencensus-proto-0.2.0.jar:/home/lsimioni/.m2/repository/io/grpc/grpc-services/1.55.1/grpc-services-1.55.1.jar:/home/lsimioni/.m2/repository/com/google/re2j/re2j/1.6/re2j-1.6.jar:/home/lsimioni/.m2/repository/com/google/api/gax-httpjson/2.30.0/gax-httpjson-2.30.0.jar:/home/lsimioni/.m2/repository/com/google/code/gson/gson/2.9.1/gson-2.9.1.jar:/home/lsimioni/.m2/repository/com/google/protobuf/protobuf-java-util/3.23.2/protobuf-java-util-3.23.2.jar:/home/lsimioni/.m2/repository/org/threeten/threetenbp/1.6.8/threetenbp-1.6.8.jar:/home/lsimioni/.m2/repository/com/google/code/findbugs/jsr305/3.0.2/jsr305-3.0.2.jar:/home/lsimioni/.m2/repository/io/opencensus/opencensus-api/0.31.1/opencensus-api-0.31.1.jar:/home/lsimioni/.m2/repository/io/grpc/grpc-core/1.55.1/grpc-core-1.55.1.jar:/home/lsimioni/.m2/repository/com/google/android/annotations/4.1.1.4/annotations-4.1.1.4.jar:/home/lsimioni/.m2/repository/org/codehaus/mojo/animal-sniffer-annotations/1.23/animal-sniffer-annotations-1.23.jar:/home/lsimioni/.m2/repository/io/perfmark/perfmark-api/0.26.0/perfmark-api-0.26.0.jar:/home/lsimioni/.m2/repository/com/google/errorprone/error_prone_annotations/2.18.0/error_prone_annotations-2.18.0.jar:/home/lsimioni/.m2/repository/com/google/auto/value/auto-value-annotations/1.10.1/auto-value-annotations-1.10.1.jar:/home/lsimioni/.m2/repository/com/google/http-client/google-http-client/1.43.3/google-http-client-1.43.3.jar:/home/lsimioni/.m2/repository/org/apache/httpcomponents/httpclient/4.5.14/httpclient-4.5.14.jar:/home/lsimioni/.m2/repository/commons-logging/commons-logging/1.2/commons-logging-1.2.jar:/home/lsimioni/.m2/repository/commons-codec/commons-codec/1.15/commons-codec-1.15.jar:/home/lsimioni/.m2/repository/org/apache/httpcomponents/httpcore/4.4.16/httpcore-4.4.16.jar:/home/lsimioni/.m2/repository/io/opencensus/opencensus-contrib-http-util/0.31.1/opencensus-contrib-http-util-0.31.1.jar:/home/lsimioni/.m2/repository/org/slf4j/slf4j-api/1.7.36/slf4j-api-1.7.36.jar:/home/lsimioni/.m2/repository/org/springframework/integration/spring-integration-core/5.5.18/spring-integration-core-5.5.18.jar:/home/lsimioni/.m2/repository/org/springframework/spring-aop/5.3.29-SNAPSHOT/spring-aop-5.3.29-SNAPSHOT.jar:/home/lsimioni/.m2/repository/org/springframework/spring-context/5.3.29-SNAPSHOT/spring-context-5.3.29-SNAPSHOT.jar:/home/lsimioni/.m2/repository/org/springframework/spring-messaging/5.3.29-SNAPSHOT/spring-messaging-5.3.29-SNAPSHOT.jar:/home/lsimioni/.m2/repository/org/springframework/spring-tx/5.3.29-SNAPSHOT/spring-tx-5.3.29-SNAPSHOT.jar:/home/lsimioni/.m2/repository/org/springframework/retry/spring-retry/1.3.4/spring-retry-1.3.4.jar:/home/lsimioni/.m2/repository/io/projectreactor/reactor-core/3.4.31/reactor-core-3.4.31.jar:/home/lsimioni/.m2/repository/org/reactivestreams/reactive-streams/1.0.4/reactive-streams-1.0.4.jar:/home/lsimioni/.m2/repository/org/springframework/boot/spring-boot-devtools/2.7.14-SNAPSHOT/spring-boot-devtools-2.7.14-SNAPSHOT.jar:/home/lsimioni/.m2/repository/org/springframework/boot/spring-boot/2.7.14-SNAPSHOT/spring-boot-2.7.14-SNAPSHOT.jar:/home/lsimioni/.m2/repository/org/springframework/boot/spring-boot-autoconfigure/2.7.14-SNAPSHOT/spring-boot-autoconfigure-2.7.14-SNAPSHOT.jar:/home/lsimioni/.m2/repository/org/projectlombok/lombok/1.18.28/lombok-1.18.28.jar:/home/lsimioni/.m2/repository/org/springframework/boot/spring-boot-starter-test/2.7.14-SNAPSHOT/spring-boot-starter-test-2.7.14-SNAPSHOT.jar:/home/lsimioni/.m2/repository/org/springframework/boot/spring-boot-test/2.7.14-SNAPSHOT/spring-boot-test-2.7.14-SNAPSHOT.jar:/home/lsimioni/.m2/repository/org/springframework/boot/spring-boot-test-autoconfigure/2.7.14-SNAPSHOT/spring-boot-test-autoconfigure-2.7.14-SNAPSHOT.jar:/home/lsimioni/.m2/repository/com/jayway/jsonpath/json-path/2.7.0/json-path-2.7.0.jar:/home/lsimioni/.m2/repository/net/minidev/json-smart/2.4.11/json-smart-2.4.11.jar:/home/lsimioni/.m2/repository/net/minidev/accessors-smart/2.4.11/accessors-smart-2.4.11.jar:/home/lsimioni/.m2/repository/org/ow2/asm/asm/9.3/asm-9.3.jar:/home/lsimioni/.m2/repository/jakarta/xml/bind/jakarta.xml.bind-api/2.3.3/jakarta.xml.bind-api-2.3.3.jar:/home/lsimioni/.m2/repository/jakarta/activation/jakarta.activation-api/1.2.2/jakarta.activation-api-1.2.2.jar:/home/lsimioni/.m2/repository/org/assertj/assertj-core/3.22.0/assertj-core-3.22.0.jar:/home/lsimioni/.m2/repository/org/hamcrest/hamcrest/2.2/hamcrest-2.2.jar:/home/lsimioni/.m2/repository/org/junit/jupiter/junit-jupiter/5.8.2/junit-jupiter-5.8.2.jar:/home/lsimioni/.m2/repository/org/junit/jupiter/junit-jupiter-api/5.8.2/junit-jupiter-api-5.8.2.jar:/home/lsimioni/.m2/repository/org/opentest4j/opentest4j/1.2.0/opentest4j-1.2.0.jar:/home/lsimioni/.m2/repository/org/junit/platform/junit-platform-commons/1.8.2/junit-platform-commons-1.8.2.jar:/home/lsimioni/.m2/repository/org/apiguardian/apiguardian-api/1.1.2/apiguardian-api-1.1.2.jar:/home/lsimioni/.m2/repository/org/junit/jupiter/junit-jupiter-params/5.8.2/junit-jupiter-params-5.8.2.jar:/home/lsimioni/.m2/repository/org/junit/jupiter/junit-jupiter-engine/5.8.2/junit-jupiter-engine-5.8.2.jar:/home/lsimioni/.m2/repository/org/junit/platform/junit-platform-engine/1.8.2/junit-platform-engine-1.8.2.jar:/home/lsimioni/.m2/repository/org/mockito/mockito-core/4.5.1/mockito-core-4.5.1.jar:/home/lsimioni/.m2/repository/net/bytebuddy/byte-buddy/1.12.23/byte-buddy-1.12.23.jar:/home/lsimioni/.m2/repository/net/bytebuddy/byte-buddy-agent/1.12.23/byte-buddy-agent-1.12.23.jar:/home/lsimioni/.m2/repository/org/objenesis/objenesis/3.2/objenesis-3.2.jar:/home/lsimioni/.m2/repository/org/mockito/mockito-junit-jupiter/4.5.1/mockito-junit-jupiter-4.5.1.jar:/home/lsimioni/.m2/repository/org/skyscreamer/jsonassert/1.5.1/jsonassert-1.5.1.jar:/home/lsimioni/.m2/repository/com/vaadin/external/google/android-json/0.0.20131108.vaadin1/android-json-0.0.20131108.vaadin1.jar:/home/lsimioni/.m2/repository/org/springframework/spring-core/5.3.29-SNAPSHOT/spring-core-5.3.29-SNAPSHOT.jar:/home/lsimioni/.m2/repository/org/springframework/spring-jcl/5.3.29-SNAPSHOT/spring-jcl-5.3.29-SNAPSHOT.jar:/home/lsimioni/.m2/repository/org/springframework/spring-test/5.3.29-SNAPSHOT/spring-test-5.3.29-SNAPSHOT.jar:/home/lsimioni/.m2/repository/org/xmlunit/xmlunit-core/2.9.1/xmlunit-core-2.9.1.jar:"/>
    <property name="sun.cpu.endian" value="little"/>
    <property name="user.home" value="/home/lsimioni"/>
    <property name="user.language" value="en"/>
    <property name="java.specification.vendor" value="Oracle Corporation"/>
    <property name="java.version.date" value="2023-04-18"/>
    <property name="java.home" value="/usr/lib/jvm/java-11-openjdk-amd64"/>
    <property name="file.separator" value="/"/>
    <property name="basedir" value="/home/lsimioni/Documents/pessoal/courses/graphql-pub-sub/listener"/>
    <property name="java.vm.compressedOopsMode" value="Zero based"/>
    <property name="line.separator" value="&#10;"/>
    <property name="java.specification.name" value="Java Platform API Specification"/>
    <property name="java.vm.specification.vendor" value="Oracle Corporation"/>
    <property name="java.awt.graphicsenv" value="sun.awt.X11GraphicsEnvironment"/>
    <property name="surefire.real.class.path" value="/home/lsimioni/Documents/pessoal/courses/graphql-pub-sub/listener/target/surefire/surefirebooter7312390037878138750.jar"/>
    <property name="sun.management.compiler" value="HotSpot 64-Bit Tiered Compilers"/>
    <property name="java.runtime.version" value="11.0.19+7-post-Ubuntu-0ubuntu122.04.1"/>
    <property name="user.name" value="CIANDT\lsimioni"/>
    <property name="path.separator" value=":"/>
    <property name="os.version" value="5.19.0-46-generic"/>
    <property name="java.runtime.name" value="OpenJDK Runtime Environment"/>
    <property name="file.encoding" value="UTF-8"/>
    <property name="java.vm.name" value="OpenJDK 64-Bit Server VM"/>
    <property name="localRepository" value="/home/lsimioni/.m2/repository"/>
    <property name="java.vendor.url.bug" value="https://bugs.launchpad.net/ubuntu/+source/openjdk-lts"/>
    <property name="java.io.tmpdir" value="/tmp"/>
    <property name="java.version" value="11.0.19"/>
    <property name="user.dir" value="/home/lsimioni/Documents/pessoal/courses/graphql-pub-sub/listener"/>
    <property name="os.arch" value="amd64"/>
    <property name="java.vm.specification.name" value="Java Virtual Machine Specification"/>
    <property name="java.awt.printerjob" value="sun.print.PSPrinterJob"/>
    <property name="sun.os.patch.level" value="unknown"/>
    <property name="java.library.path" value="/usr/java/packages/lib:/usr/lib/x86_64-linux-gnu/jni:/lib/x86_64-linux-gnu:/usr/lib/x86_64-linux-gnu:/usr/lib/jni:/lib:/usr/lib"/>
    <property name="java.vm.info" value="mixed mode, sharing"/>
    <property name="java.vendor" value="Ubuntu"/>
    <property name="java.vm.version" value="11.0.19+7-post-Ubuntu-0ubuntu122.04.1"/>
    <property name="sun.io.unicode.encoding" value="UnicodeLittle"/>
    <property name="java.class.version" value="55.0"/>
  </properties>
  <testcase name="contextLoads" classname="br.com.simioni.graphql.listener.ListenerApplicationTests" time="0.412"/>
</testsuite>